<?xml version="1.0" encoding="UTF-8"?>
<!-- Generated by org.testng.reporters.JUnitXMLReporter -->
<testsuite ignored="2" hostname="SPKarthick" failures="0" tests="1" name="Default test" time="0.525" errors="0" timestamp="2021-10-01T19:49:35 IST">
  <testcase classname="com.coursera.org.UtilitiesTest.FileOutputTest" name="deleteValuesInSheet" time="0.496"/>
  <testcase classname="com.coursera.org.UtilitiesTest.FileOutputTest" name="addValuesToExceel" time="0.0">
    <ignored/>
  </testcase> <!-- addValuesToExceel -->
  <testcase classname="com.coursera.org.UtilitiesTest.FileOutputTest" name="findLastRow" time="0.0">
    <ignored/>
  </testcase> <!-- findLastRow -->
</testsuite> <!-- Default test -->
