<?xml version="1.0" encoding="UTF-8"?>
<!-- Generated by org.testng.reporters.JUnitXMLReporter -->
<testsuite ignored="0" hostname="karan" failures="0" tests="24" name="Full Test" time="498.861" errors="0" timestamp="2021-10-03T19:02:13 IST">
  <testcase classname="com.coursera.org.test.IdentifyCoursesTest$validateIdentifyCourses" name="testSearchingWebDevelopmentCourse" time="18.553"/>
  <testcase classname="com.coursera.org.test.IdentifyCoursesTest$validateIdentifyCourses" name="testApplyLanguagefilterAsEnglish" time="21.332"/>
  <testcase classname="com.coursera.org.test.IdentifyCoursesTest$validateIdentifyCourses" name="testApplyLevelfilterAsBeginner" time="2.253"/>
  <testcase classname="com.coursera.org.test.IdentifyCoursesTest$validateIdentifyCourses" name="testFetchFirstCourseDetails" time="9.392"/>
  <testcase classname="com.coursera.org.test.IdentifyCoursesTest$validateIdentifyCourses" name="testFetchSecondCourseDetails" time="13.89"/>
  <testcase classname="com.coursera.org.test.IdentifyCoursesTest$validateIdentifyCourses" name="returnHomePage" time="6.411"/>
  <testcase classname="com.coursera.org.test.LanguageLearningCourseCountTest" name="testLoadLanguageLearningPage" time="10.935"/>
  <testcase classname="com.coursera.org.test.LanguageLearningCourseCountTest" name="testLanguageFilterAndPrintingValuesInExcel" time="15.255"/>
  <testcase classname="com.coursera.org.test.LanguageLearningCourseCountTest" name="testLevelFilterAndPrintingValuesInExcel" time="1.047"/>
  <testcase classname="com.coursera.org.test.FormFillingTestWithValidData" name="testLocateFormForSmokeTest" time="36.193"/>
  <testcase classname="com.coursera.org.test.FormFillingTestWithValidData" name="testPassValidDetails" time="25.765"/>
  <testcase classname="com.coursera.org.test.FormFillingTestWithInvalidData" name="testLocateFormForRegressionTest" time="24.102"/>
  <testcase classname="com.coursera.org.test.FormFillingTestWithInvalidData" name="testPassingInvalidDataIntoForm" time="30.682"/>
  <testcase classname="com.coursera.org.test.FormFillingTestWithInvalidData" name="testPassingInvalidDataIntoForm" time="25.555"/>
  <testcase classname="com.coursera.org.test.FormFillingTestWithInvalidData" name="testPassingInvalidDataIntoForm" time="25.578"/>
  <testcase classname="com.coursera.org.test.FormFillingTestWithInvalidData" name="testPassingInvalidDataIntoForm" time="25.534"/>
  <testcase classname="com.coursera.org.test.FormFillingTestWithInvalidData" name="testPassingInvalidDataIntoForm" time="25.293"/>
  <testcase classname="com.coursera.org.test.FormFillingTestWithInvalidData" name="testPassingInvalidDataIntoForm" time="25.435"/>
  <testcase classname="com.coursera.org.test.FormFillingTestWithInvalidData" name="testPassingInvalidDataIntoForm" time="26.226"/>
  <testcase classname="com.coursera.org.test.FormFillingTestWithInvalidData" name="testPassingInvalidDataIntoForm" time="25.427"/>
  <testcase classname="com.coursera.org.test.FormFillingTestWithInvalidData" name="testPassingInvalidDataIntoForm" time="26.077"/>
  <testcase classname="com.coursera.org.test.FormFillingTestWithInvalidData" name="testPassingInvalidDataIntoForm" time="23.824"/>
  <testcase classname="com.coursera.org.test.FormFillingTestWithInvalidData" name="testPassingInvalidDataIntoForm" time="26.256"/>
  <testcase classname="com.coursera.org.test.FormFillingTestWithInvalidData" name="testPassingInvalidDataIntoForm" time="27.752"/>
</testsuite> <!-- Full Test -->
