<?xml version="1.0" encoding="UTF-8"?>
<!-- Generated by org.testng.reporters.JUnitXMLReporter -->
<testsuite ignored="0" hostname="karan" failures="0" tests="13" name="Regression Test" time="361.333" errors="0" timestamp="2021-10-03T19:08:55 IST">
  <testcase classname="com.coursera.org.test.FormFillingTestWithInvalidData" name="testLocateFormForRegressionTest" time="41.809"/>
  <testcase classname="com.coursera.org.test.FormFillingTestWithInvalidData" name="testPassingInvalidDataIntoForm" time="34.812"/>
  <testcase classname="com.coursera.org.test.FormFillingTestWithInvalidData" name="testPassingInvalidDataIntoForm" time="25.675"/>
  <testcase classname="com.coursera.org.test.FormFillingTestWithInvalidData" name="testPassingInvalidDataIntoForm" time="28.496"/>
  <testcase classname="com.coursera.org.test.FormFillingTestWithInvalidData" name="testPassingInvalidDataIntoForm" time="25.866"/>
  <testcase classname="com.coursera.org.test.FormFillingTestWithInvalidData" name="testPassingInvalidDataIntoForm" time="27.316"/>
  <testcase classname="com.coursera.org.test.FormFillingTestWithInvalidData" name="testPassingInvalidDataIntoForm" time="25.319"/>
  <testcase classname="com.coursera.org.test.FormFillingTestWithInvalidData" name="testPassingInvalidDataIntoForm" time="25.617"/>
  <testcase classname="com.coursera.org.test.FormFillingTestWithInvalidData" name="testPassingInvalidDataIntoForm" time="24.961"/>
  <testcase classname="com.coursera.org.test.FormFillingTestWithInvalidData" name="testPassingInvalidDataIntoForm" time="25.067"/>
  <testcase classname="com.coursera.org.test.FormFillingTestWithInvalidData" name="testPassingInvalidDataIntoForm" time="23.424"/>
  <testcase classname="com.coursera.org.test.FormFillingTestWithInvalidData" name="testPassingInvalidDataIntoForm" time="25.323"/>
  <testcase classname="com.coursera.org.test.FormFillingTestWithInvalidData" name="testPassingInvalidDataIntoForm" time="27.577"/>
</testsuite> <!-- Regression Test -->
