<?xml version="1.0" encoding="UTF-8"?>
<!-- Generated by org.testng.reporters.JUnitXMLReporter -->
<testsuite ignored="0" hostname="karan" failures="0" tests="11" name="Smoke Test" time="189.96" errors="0" timestamp="2021-10-03T00:36:55 IST">
  <testcase classname="com.coursera.org.test.IdentifyCoursesTest$validateIdentifyCourses" name="testSearchingWebDevelopmentCourse" time="31.165"/>
  <testcase classname="com.coursera.org.test.IdentifyCoursesTest$validateIdentifyCourses" name="testApplyLanguagefilterAsEnglish" time="11.404"/>
  <testcase classname="com.coursera.org.test.IdentifyCoursesTest$validateIdentifyCourses" name="testApplyLevelfilterAsBeginner" time="10.419"/>
  <testcase classname="com.coursera.org.test.IdentifyCoursesTest$validateIdentifyCourses" name="testFetchFirstCourseDetails" time="9.111"/>
  <testcase classname="com.coursera.org.test.IdentifyCoursesTest$validateIdentifyCourses" name="testFetchSecondCourseDetails" time="15.607"/>
  <testcase classname="com.coursera.org.test.IdentifyCoursesTest$validateIdentifyCourses" name="returnHomePage" time="8.415"/>
  <testcase classname="com.coursera.org.test.LanguageLearningCourseCountTest" name="testLoadLanguageLearningPage" time="15.443"/>
  <testcase classname="com.coursera.org.test.LanguageLearningCourseCountTest" name="testLanguageFilterAndPrintingValuesInExcel" time="16.898"/>
  <testcase classname="com.coursera.org.test.LanguageLearningCourseCountTest" name="testLevelFilterAndPrintingValuesInExcel" time="1.562"/>
  <testcase classname="com.coursera.org.test.FormFillingTestWithValidData" name="testLocateFormForSmokeTest" time="41.366"/>
  <testcase classname="com.coursera.org.test.FormFillingTestWithValidData" name="testPassValidDetails" time="28.469"/>
</testsuite> <!-- Smoke Test -->
