<?xml version="1.0" encoding="UTF-8"?>
<testng-results ignored="0" total="13" passed="13" failed="0" skipped="0">
  <reporter-output>
  </reporter-output>
  <suite started-at="2021-10-03T19:02:53 IST" name="Suite" finished-at="2021-10-03T19:08:55 IST" duration-ms="361333">
    <groups>
      <group name="Regression Test">
        <method signature="FormFillingTestWithInvalidData.testLocateFormForRegressionTest()[pri:0, instance:com.coursera.org.test.FormFillingTestWithInvalidData@34129c78]" name="testLocateFormForRegressionTest" class="com.coursera.org.test.FormFillingTestWithInvalidData"/>
        <method signature="FormFillingTestWithInvalidData.testPassingInvalidDataIntoForm(java.lang.String,java.lang.String,java.lang.String,java.lang.String,java.lang.String,java.lang.String,java.lang.String,java.lang.String,java.lang.String,java.lang.String,java.lang.String,java.lang.String,java.lang.String)[pri:1, instance:com.coursera.org.test.FormFillingTestWithInvalidData@34129c78]" name="testPassingInvalidDataIntoForm" class="com.coursera.org.test.FormFillingTestWithInvalidData"/>
      </group> <!-- Regression Test -->
    </groups>
    <test started-at="2021-10-03T19:02:53 IST" name="Regression Test" finished-at="2021-10-03T19:08:55 IST" duration-ms="361333">
      <class name="com.coursera.org.test.FormFillingTestWithInvalidData">
        <test-method signature="testLocateFormForRegressionTest()[pri:0, instance:com.coursera.org.test.FormFillingTestWithInvalidData@34129c78]" started-at="2021-10-03T19:02:53 IST" name="testLocateFormForRegressionTest" finished-at="2021-10-03T19:03:35 IST" duration-ms="41809" status="PASS">
          <reporter-output>
          </reporter-output>
        </test-method> <!-- testLocateFormForRegressionTest -->
        <test-method signature="testPassingInvalidDataIntoForm(java.lang.String,java.lang.String,java.lang.String,java.lang.String,java.lang.String,java.lang.String,java.lang.String,java.lang.String,java.lang.String,java.lang.String,java.lang.String,java.lang.String,java.lang.String)[pri:1, instance:com.coursera.org.test.FormFillingTestWithInvalidData@34129c78]" started-at="2021-10-03T19:03:35 IST" name="testPassingInvalidDataIntoForm" data-provider="formData" finished-at="2021-10-03T19:04:10 IST" duration-ms="34812" status="PASS">
          <params>
            <param index="0">
              <value>
                <![CDATA[]]>
              </value>
            </param>
            <param index="1">
              <value>
                <![CDATA[Xyzxyz]]>
              </value>
            </param>
            <param index="2">
              <value>
                <![CDATA[Dean]]>
              </value>
            </param>
            <param index="3">
              <value>
                <![CDATA[Programmer]]>
              </value>
            </param>
            <param index="4">
              <value>
                <![CDATA[webster75@example.com]]>
              </value>
            </param>
            <param index="5">
              <value>
                <![CDATA[916127938339]]>
              </value>
            </param>
            <param index="6">
              <value>
                <![CDATA[IIT Madras]]>
              </value>
            </param>
            <param index="7">
              <value>
                <![CDATA[Government]]>
              </value>
            </param>
            <param index="8">
              <value>
                <![CDATA[Computer Science]]>
              </value>
            </param>
            <param index="9">
              <value>
                <![CDATA[India]]>
              </value>
            </param>
            <param index="10">
              <value>
                <![CDATA[Tamil Nadu]]>
              </value>
            </param>
            <param index="11">
              <value>
                <![CDATA[NA]]>
              </value>
            </param>
            <param index="12">
              <value>
                <![CDATA[FirstNameErr]]>
              </value>
            </param>
          </params>
          <reporter-output>
          </reporter-output>
        </test-method> <!-- testPassingInvalidDataIntoForm -->
        <test-method signature="testPassingInvalidDataIntoForm(java.lang.String,java.lang.String,java.lang.String,java.lang.String,java.lang.String,java.lang.String,java.lang.String,java.lang.String,java.lang.String,java.lang.String,java.lang.String,java.lang.String,java.lang.String)[pri:1, instance:com.coursera.org.test.FormFillingTestWithInvalidData@34129c78]" started-at="2021-10-03T19:04:10 IST" name="testPassingInvalidDataIntoForm" data-provider="formData" finished-at="2021-10-03T19:04:36 IST" duration-ms="25675" status="PASS">
          <params>
            <param index="0">
              <value>
                <![CDATA[Abcdef]]>
              </value>
            </param>
            <param index="1">
              <value>
                <![CDATA[]]>
              </value>
            </param>
            <param index="2">
              <value>
                <![CDATA[Dean]]>
              </value>
            </param>
            <param index="3">
              <value>
                <![CDATA[Programmer]]>
              </value>
            </param>
            <param index="4">
              <value>
                <![CDATA[webster75@example.com]]>
              </value>
            </param>
            <param index="5">
              <value>
                <![CDATA[916127938339]]>
              </value>
            </param>
            <param index="6">
              <value>
                <![CDATA[IIT Madras]]>
              </value>
            </param>
            <param index="7">
              <value>
                <![CDATA[Government]]>
              </value>
            </param>
            <param index="8">
              <value>
                <![CDATA[Computer Science]]>
              </value>
            </param>
            <param index="9">
              <value>
                <![CDATA[India]]>
              </value>
            </param>
            <param index="10">
              <value>
                <![CDATA[Tamil Nadu]]>
              </value>
            </param>
            <param index="11">
              <value>
                <![CDATA[NA]]>
              </value>
            </param>
            <param index="12">
              <value>
                <![CDATA[LastNameErr]]>
              </value>
            </param>
          </params>
          <reporter-output>
          </reporter-output>
        </test-method> <!-- testPassingInvalidDataIntoForm -->
        <test-method signature="testPassingInvalidDataIntoForm(java.lang.String,java.lang.String,java.lang.String,java.lang.String,java.lang.String,java.lang.String,java.lang.String,java.lang.String,java.lang.String,java.lang.String,java.lang.String,java.lang.String,java.lang.String)[pri:1, instance:com.coursera.org.test.FormFillingTestWithInvalidData@34129c78]" started-at="2021-10-03T19:04:36 IST" name="testPassingInvalidDataIntoForm" data-provider="formData" finished-at="2021-10-03T19:05:04 IST" duration-ms="28496" status="PASS">
          <params>
            <param index="0">
              <value>
                <![CDATA[Abcdef]]>
              </value>
            </param>
            <param index="1">
              <value>
                <![CDATA[Xyzxyz]]>
              </value>
            </param>
            <param index="2">
              <value>
                <![CDATA[Select...]]>
              </value>
            </param>
            <param index="3">
              <value>
                <![CDATA[Programmer]]>
              </value>
            </param>
            <param index="4">
              <value>
                <![CDATA[webster75@example.com]]>
              </value>
            </param>
            <param index="5">
              <value>
                <![CDATA[916127938339]]>
              </value>
            </param>
            <param index="6">
              <value>
                <![CDATA[IIT Madras]]>
              </value>
            </param>
            <param index="7">
              <value>
                <![CDATA[Government]]>
              </value>
            </param>
            <param index="8">
              <value>
                <![CDATA[Computer Science]]>
              </value>
            </param>
            <param index="9">
              <value>
                <![CDATA[India]]>
              </value>
            </param>
            <param index="10">
              <value>
                <![CDATA[Tamil Nadu]]>
              </value>
            </param>
            <param index="11">
              <value>
                <![CDATA[NA]]>
              </value>
            </param>
            <param index="12">
              <value>
                <![CDATA[JobFunctionErr]]>
              </value>
            </param>
          </params>
          <reporter-output>
          </reporter-output>
        </test-method> <!-- testPassingInvalidDataIntoForm -->
        <test-method signature="testPassingInvalidDataIntoForm(java.lang.String,java.lang.String,java.lang.String,java.lang.String,java.lang.String,java.lang.String,java.lang.String,java.lang.String,java.lang.String,java.lang.String,java.lang.String,java.lang.String,java.lang.String)[pri:1, instance:com.coursera.org.test.FormFillingTestWithInvalidData@34129c78]" started-at="2021-10-03T19:05:04 IST" name="testPassingInvalidDataIntoForm" data-provider="formData" finished-at="2021-10-03T19:05:30 IST" duration-ms="25866" status="PASS">
          <params>
            <param index="0">
              <value>
                <![CDATA[Abcdef]]>
              </value>
            </param>
            <param index="1">
              <value>
                <![CDATA[Xyzxyz]]>
              </value>
            </param>
            <param index="2">
              <value>
                <![CDATA[Dean]]>
              </value>
            </param>
            <param index="3">
              <value>
                <![CDATA[]]>
              </value>
            </param>
            <param index="4">
              <value>
                <![CDATA[webster75@example.com]]>
              </value>
            </param>
            <param index="5">
              <value>
                <![CDATA[916127938339]]>
              </value>
            </param>
            <param index="6">
              <value>
                <![CDATA[IIT Madras]]>
              </value>
            </param>
            <param index="7">
              <value>
                <![CDATA[Government]]>
              </value>
            </param>
            <param index="8">
              <value>
                <![CDATA[Computer Science]]>
              </value>
            </param>
            <param index="9">
              <value>
                <![CDATA[India]]>
              </value>
            </param>
            <param index="10">
              <value>
                <![CDATA[Tamil Nadu]]>
              </value>
            </param>
            <param index="11">
              <value>
                <![CDATA[NA]]>
              </value>
            </param>
            <param index="12">
              <value>
                <![CDATA[JobTitleErr]]>
              </value>
            </param>
          </params>
          <reporter-output>
          </reporter-output>
        </test-method> <!-- testPassingInvalidDataIntoForm -->
        <test-method signature="testPassingInvalidDataIntoForm(java.lang.String,java.lang.String,java.lang.String,java.lang.String,java.lang.String,java.lang.String,java.lang.String,java.lang.String,java.lang.String,java.lang.String,java.lang.String,java.lang.String,java.lang.String)[pri:1, instance:com.coursera.org.test.FormFillingTestWithInvalidData@34129c78]" started-at="2021-10-03T19:05:30 IST" name="testPassingInvalidDataIntoForm" data-provider="formData" finished-at="2021-10-03T19:05:57 IST" duration-ms="27316" status="PASS">
          <params>
            <param index="0">
              <value>
                <![CDATA[Abcdef]]>
              </value>
            </param>
            <param index="1">
              <value>
                <![CDATA[Xyzxyz]]>
              </value>
            </param>
            <param index="2">
              <value>
                <![CDATA[Dean]]>
              </value>
            </param>
            <param index="3">
              <value>
                <![CDATA[Programmer]]>
              </value>
            </param>
            <param index="4">
              <value>
                <![CDATA[]]>
              </value>
            </param>
            <param index="5">
              <value>
                <![CDATA[916127938339]]>
              </value>
            </param>
            <param index="6">
              <value>
                <![CDATA[IIT Madras]]>
              </value>
            </param>
            <param index="7">
              <value>
                <![CDATA[Government]]>
              </value>
            </param>
            <param index="8">
              <value>
                <![CDATA[Computer Science]]>
              </value>
            </param>
            <param index="9">
              <value>
                <![CDATA[India]]>
              </value>
            </param>
            <param index="10">
              <value>
                <![CDATA[Tamil Nadu]]>
              </value>
            </param>
            <param index="11">
              <value>
                <![CDATA[NA]]>
              </value>
            </param>
            <param index="12">
              <value>
                <![CDATA[EmailErr]]>
              </value>
            </param>
          </params>
          <reporter-output>
          </reporter-output>
        </test-method> <!-- testPassingInvalidDataIntoForm -->
        <test-method signature="testPassingInvalidDataIntoForm(java.lang.String,java.lang.String,java.lang.String,java.lang.String,java.lang.String,java.lang.String,java.lang.String,java.lang.String,java.lang.String,java.lang.String,java.lang.String,java.lang.String,java.lang.String)[pri:1, instance:com.coursera.org.test.FormFillingTestWithInvalidData@34129c78]" started-at="2021-10-03T19:05:57 IST" name="testPassingInvalidDataIntoForm" data-provider="formData" finished-at="2021-10-03T19:06:23 IST" duration-ms="25319" status="PASS">
          <params>
            <param index="0">
              <value>
                <![CDATA[Abcdef]]>
              </value>
            </param>
            <param index="1">
              <value>
                <![CDATA[Xyzxyz]]>
              </value>
            </param>
            <param index="2">
              <value>
                <![CDATA[Dean]]>
              </value>
            </param>
            <param index="3">
              <value>
                <![CDATA[Programmer]]>
              </value>
            </param>
            <param index="4">
              <value>
                <![CDATA[webster75@example.com]]>
              </value>
            </param>
            <param index="5">
              <value>
                <![CDATA[]]>
              </value>
            </param>
            <param index="6">
              <value>
                <![CDATA[IIT Madras]]>
              </value>
            </param>
            <param index="7">
              <value>
                <![CDATA[Government]]>
              </value>
            </param>
            <param index="8">
              <value>
                <![CDATA[Computer Science]]>
              </value>
            </param>
            <param index="9">
              <value>
                <![CDATA[India]]>
              </value>
            </param>
            <param index="10">
              <value>
                <![CDATA[Tamil Nadu]]>
              </value>
            </param>
            <param index="11">
              <value>
                <![CDATA[NA]]>
              </value>
            </param>
            <param index="12">
              <value>
                <![CDATA[PhoneNumberErr]]>
              </value>
            </param>
          </params>
          <reporter-output>
          </reporter-output>
        </test-method> <!-- testPassingInvalidDataIntoForm -->
        <test-method signature="testPassingInvalidDataIntoForm(java.lang.String,java.lang.String,java.lang.String,java.lang.String,java.lang.String,java.lang.String,java.lang.String,java.lang.String,java.lang.String,java.lang.String,java.lang.String,java.lang.String,java.lang.String)[pri:1, instance:com.coursera.org.test.FormFillingTestWithInvalidData@34129c78]" started-at="2021-10-03T19:06:23 IST" name="testPassingInvalidDataIntoForm" data-provider="formData" finished-at="2021-10-03T19:06:48 IST" duration-ms="25617" status="PASS">
          <params>
            <param index="0">
              <value>
                <![CDATA[Abcdef]]>
              </value>
            </param>
            <param index="1">
              <value>
                <![CDATA[Xyzxyz]]>
              </value>
            </param>
            <param index="2">
              <value>
                <![CDATA[Dean]]>
              </value>
            </param>
            <param index="3">
              <value>
                <![CDATA[Programmer]]>
              </value>
            </param>
            <param index="4">
              <value>
                <![CDATA[webster75@example.com]]>
              </value>
            </param>
            <param index="5">
              <value>
                <![CDATA[916127938339]]>
              </value>
            </param>
            <param index="6">
              <value>
                <![CDATA[]]>
              </value>
            </param>
            <param index="7">
              <value>
                <![CDATA[Government]]>
              </value>
            </param>
            <param index="8">
              <value>
                <![CDATA[Computer Science]]>
              </value>
            </param>
            <param index="9">
              <value>
                <![CDATA[India]]>
              </value>
            </param>
            <param index="10">
              <value>
                <![CDATA[Tamil Nadu]]>
              </value>
            </param>
            <param index="11">
              <value>
                <![CDATA[NA]]>
              </value>
            </param>
            <param index="12">
              <value>
                <![CDATA[InstituteNameErr]]>
              </value>
            </param>
          </params>
          <reporter-output>
          </reporter-output>
        </test-method> <!-- testPassingInvalidDataIntoForm -->
        <test-method signature="testPassingInvalidDataIntoForm(java.lang.String,java.lang.String,java.lang.String,java.lang.String,java.lang.String,java.lang.String,java.lang.String,java.lang.String,java.lang.String,java.lang.String,java.lang.String,java.lang.String,java.lang.String)[pri:1, instance:com.coursera.org.test.FormFillingTestWithInvalidData@34129c78]" started-at="2021-10-03T19:06:48 IST" name="testPassingInvalidDataIntoForm" data-provider="formData" finished-at="2021-10-03T19:07:13 IST" duration-ms="24961" status="PASS">
          <params>
            <param index="0">
              <value>
                <![CDATA[Abcdef]]>
              </value>
            </param>
            <param index="1">
              <value>
                <![CDATA[Xyzxyz]]>
              </value>
            </param>
            <param index="2">
              <value>
                <![CDATA[Dean]]>
              </value>
            </param>
            <param index="3">
              <value>
                <![CDATA[Programmer]]>
              </value>
            </param>
            <param index="4">
              <value>
                <![CDATA[webster75@example.com]]>
              </value>
            </param>
            <param index="5">
              <value>
                <![CDATA[916127938339]]>
              </value>
            </param>
            <param index="6">
              <value>
                <![CDATA[IIT Madras]]>
              </value>
            </param>
            <param index="7">
              <value>
                <![CDATA[Select...]]>
              </value>
            </param>
            <param index="8">
              <value>
                <![CDATA[Computer Science]]>
              </value>
            </param>
            <param index="9">
              <value>
                <![CDATA[India]]>
              </value>
            </param>
            <param index="10">
              <value>
                <![CDATA[Tamil Nadu]]>
              </value>
            </param>
            <param index="11">
              <value>
                <![CDATA[NA]]>
              </value>
            </param>
            <param index="12">
              <value>
                <![CDATA[InstituteTypeErr]]>
              </value>
            </param>
          </params>
          <reporter-output>
          </reporter-output>
        </test-method> <!-- testPassingInvalidDataIntoForm -->
        <test-method signature="testPassingInvalidDataIntoForm(java.lang.String,java.lang.String,java.lang.String,java.lang.String,java.lang.String,java.lang.String,java.lang.String,java.lang.String,java.lang.String,java.lang.String,java.lang.String,java.lang.String,java.lang.String)[pri:1, instance:com.coursera.org.test.FormFillingTestWithInvalidData@34129c78]" started-at="2021-10-03T19:07:13 IST" name="testPassingInvalidDataIntoForm" data-provider="formData" finished-at="2021-10-03T19:07:38 IST" duration-ms="25067" status="PASS">
          <params>
            <param index="0">
              <value>
                <![CDATA[Abcdef]]>
              </value>
            </param>
            <param index="1">
              <value>
                <![CDATA[Xyzxyz]]>
              </value>
            </param>
            <param index="2">
              <value>
                <![CDATA[Dean]]>
              </value>
            </param>
            <param index="3">
              <value>
                <![CDATA[Programmer]]>
              </value>
            </param>
            <param index="4">
              <value>
                <![CDATA[webster75@example.com]]>
              </value>
            </param>
            <param index="5">
              <value>
                <![CDATA[916127938339]]>
              </value>
            </param>
            <param index="6">
              <value>
                <![CDATA[IIT Madras]]>
              </value>
            </param>
            <param index="7">
              <value>
                <![CDATA[Government]]>
              </value>
            </param>
            <param index="8">
              <value>
                <![CDATA[Select...]]>
              </value>
            </param>
            <param index="9">
              <value>
                <![CDATA[India]]>
              </value>
            </param>
            <param index="10">
              <value>
                <![CDATA[Tamil Nadu]]>
              </value>
            </param>
            <param index="11">
              <value>
                <![CDATA[NA]]>
              </value>
            </param>
            <param index="12">
              <value>
                <![CDATA[PrimaryDisErr]]>
              </value>
            </param>
          </params>
          <reporter-output>
          </reporter-output>
        </test-method> <!-- testPassingInvalidDataIntoForm -->
        <test-method signature="testPassingInvalidDataIntoForm(java.lang.String,java.lang.String,java.lang.String,java.lang.String,java.lang.String,java.lang.String,java.lang.String,java.lang.String,java.lang.String,java.lang.String,java.lang.String,java.lang.String,java.lang.String)[pri:1, instance:com.coursera.org.test.FormFillingTestWithInvalidData@34129c78]" started-at="2021-10-03T19:07:38 IST" name="testPassingInvalidDataIntoForm" data-provider="formData" finished-at="2021-10-03T19:08:02 IST" duration-ms="23424" status="PASS">
          <params>
            <param index="0">
              <value>
                <![CDATA[Abcdef]]>
              </value>
            </param>
            <param index="1">
              <value>
                <![CDATA[Xyzxyz]]>
              </value>
            </param>
            <param index="2">
              <value>
                <![CDATA[Dean]]>
              </value>
            </param>
            <param index="3">
              <value>
                <![CDATA[Programmer]]>
              </value>
            </param>
            <param index="4">
              <value>
                <![CDATA[webster75@example.com]]>
              </value>
            </param>
            <param index="5">
              <value>
                <![CDATA[916127938339]]>
              </value>
            </param>
            <param index="6">
              <value>
                <![CDATA[IIT Madras]]>
              </value>
            </param>
            <param index="7">
              <value>
                <![CDATA[Government]]>
              </value>
            </param>
            <param index="8">
              <value>
                <![CDATA[Computer Science]]>
              </value>
            </param>
            <param index="9">
              <value>
                <![CDATA[Country]]>
              </value>
            </param>
            <param index="10">
              <value>
                <![CDATA[Tamil Nadu]]>
              </value>
            </param>
            <param index="11">
              <value>
                <![CDATA[NA]]>
              </value>
            </param>
            <param index="12">
              <value>
                <![CDATA[CountryErr]]>
              </value>
            </param>
          </params>
          <reporter-output>
          </reporter-output>
        </test-method> <!-- testPassingInvalidDataIntoForm -->
        <test-method signature="testPassingInvalidDataIntoForm(java.lang.String,java.lang.String,java.lang.String,java.lang.String,java.lang.String,java.lang.String,java.lang.String,java.lang.String,java.lang.String,java.lang.String,java.lang.String,java.lang.String,java.lang.String)[pri:1, instance:com.coursera.org.test.FormFillingTestWithInvalidData@34129c78]" started-at="2021-10-03T19:08:02 IST" name="testPassingInvalidDataIntoForm" data-provider="formData" finished-at="2021-10-03T19:08:27 IST" duration-ms="25323" status="PASS">
          <params>
            <param index="0">
              <value>
                <![CDATA[Abcdef]]>
              </value>
            </param>
            <param index="1">
              <value>
                <![CDATA[Xyzxyz]]>
              </value>
            </param>
            <param index="2">
              <value>
                <![CDATA[Dean]]>
              </value>
            </param>
            <param index="3">
              <value>
                <![CDATA[Programmer]]>
              </value>
            </param>
            <param index="4">
              <value>
                <![CDATA[webster75@example.com]]>
              </value>
            </param>
            <param index="5">
              <value>
                <![CDATA[916127938339]]>
              </value>
            </param>
            <param index="6">
              <value>
                <![CDATA[IIT Madras]]>
              </value>
            </param>
            <param index="7">
              <value>
                <![CDATA[Government]]>
              </value>
            </param>
            <param index="8">
              <value>
                <![CDATA[Computer Science]]>
              </value>
            </param>
            <param index="9">
              <value>
                <![CDATA[India]]>
              </value>
            </param>
            <param index="10">
              <value>
                <![CDATA[Select...]]>
              </value>
            </param>
            <param index="11">
              <value>
                <![CDATA[NA]]>
              </value>
            </param>
            <param index="12">
              <value>
                <![CDATA[StateErr]]>
              </value>
            </param>
          </params>
          <reporter-output>
          </reporter-output>
        </test-method> <!-- testPassingInvalidDataIntoForm -->
        <test-method signature="testPassingInvalidDataIntoForm(java.lang.String,java.lang.String,java.lang.String,java.lang.String,java.lang.String,java.lang.String,java.lang.String,java.lang.String,java.lang.String,java.lang.String,java.lang.String,java.lang.String,java.lang.String)[pri:1, instance:com.coursera.org.test.FormFillingTestWithInvalidData@34129c78]" started-at="2021-10-03T19:08:27 IST" name="testPassingInvalidDataIntoForm" data-provider="formData" finished-at="2021-10-03T19:08:55 IST" duration-ms="27577" status="PASS">
          <params>
            <param index="0">
              <value>
                <![CDATA[Abcdef]]>
              </value>
            </param>
            <param index="1">
              <value>
                <![CDATA[Xyzxyz]]>
              </value>
            </param>
            <param index="2">
              <value>
                <![CDATA[Dean]]>
              </value>
            </param>
            <param index="3">
              <value>
                <![CDATA[Programmer]]>
              </value>
            </param>
            <param index="4">
              <value>
                <![CDATA[webster75@example.com]]>
              </value>
            </param>
            <param index="5">
              <value>
                <![CDATA[916127938339]]>
              </value>
            </param>
            <param index="6">
              <value>
                <![CDATA[IIT Madras]]>
              </value>
            </param>
            <param index="7">
              <value>
                <![CDATA[Government]]>
              </value>
            </param>
            <param index="8">
              <value>
                <![CDATA[Computer Science]]>
              </value>
            </param>
            <param index="9">
              <value>
                <![CDATA[India]]>
              </value>
            </param>
            <param index="10">
              <value>
                <![CDATA[Tamil Nadu]]>
              </value>
            </param>
            <param index="11">
              <value>
                <![CDATA[]]>
              </value>
            </param>
            <param index="12">
              <value>
                <![CDATA[CommentsErr]]>
              </value>
            </param>
          </params>
          <reporter-output>
          </reporter-output>
        </test-method> <!-- testPassingInvalidDataIntoForm -->
      </class> <!-- com.coursera.org.test.FormFillingTestWithInvalidData -->
      <class name="com.coursera.org.test.TestSetup">
        <test-method is-config="true" signature="initialiseSetUp()[pri:0, instance:com.coursera.org.test.TestSetup@a8ef162]" started-at="2021-10-03T19:02:42 IST" name="initialiseSetUp" finished-at="2021-10-03T19:02:53 IST" duration-ms="11566" status="PASS">
          <reporter-output>
          </reporter-output>
        </test-method> <!-- initialiseSetUp -->
        <test-method is-config="true" signature="beforeGroupStatementRegression()[pri:0, instance:com.coursera.org.test.TestSetup@a8ef162]" started-at="2021-10-03T19:02:53 IST" name="beforeGroupStatementRegression" finished-at="2021-10-03T19:02:53 IST" duration-ms="1" status="PASS">
          <reporter-output>
          </reporter-output>
        </test-method> <!-- beforeGroupStatementRegression -->
        <test-method is-config="true" signature="resultStatementsRegression()[pri:0, instance:com.coursera.org.test.TestSetup@a8ef162]" started-at="2021-10-03T19:08:55 IST" name="resultStatementsRegression" finished-at="2021-10-03T19:08:55 IST" duration-ms="0" status="PASS">
          <reporter-output>
          </reporter-output>
        </test-method> <!-- resultStatementsRegression -->
        <test-method is-config="true" signature="tearDown()[pri:0, instance:com.coursera.org.test.TestSetup@a8ef162]" started-at="2021-10-03T19:08:55 IST" name="tearDown" finished-at="2021-10-03T19:08:55 IST" duration-ms="605" status="PASS">
          <reporter-output>
          </reporter-output>
        </test-method> <!-- tearDown -->
      </class> <!-- com.coursera.org.test.TestSetup -->
    </test> <!-- Regression Test -->
  </suite> <!-- Suite -->
</testng-results>
